#
# There is insufficient memory for the Java Runtime Environment to continue.
# Native memory allocation (mmap) failed to map 1073741824 bytes for G1 virtual space
# Possible reasons:
#   The system is out of physical RAM or swap space
#   The process is running with CompressedOops enabled, and the Java Heap may be blocking the growth of the native heap
# Possible solutions:
#   Reduce memory load on the system
#   Increase physical memory or swap space
#   Check if swap backing store is full
#   Decrease Java heap size (-Xmx/-Xms)
#   Decrease number of Java threads
#   Decrease Java thread stack sizes (-Xss)
#   Set larger code cache with -XX:ReservedCodeCacheSize=
#   JVM is running with Zero Based Compressed Oops mode in which the Java heap is
#     placed in the first 32GB address space. The Java Heap base address is the
#     maximum limit for the native heap growth. Please use -XX:HeapBaseMinAddress
#     to set the Java Heap base and to place the Java Heap above 32GB virtual address.
# This output file may be truncated or incomplete.
#
#  Out of Memory Error (./open/src/hotspot/os/windows/os_windows.cpp:3472), pid=24084, tid=16128
#
# JRE version: OpenJDK Runtime Environment (15.0.1+9) (build 15.0.1+9-18)
# Java VM: OpenJDK 64-Bit Server VM (15.0.1+9-18, mixed mode, tiered, compressed oops, g1 gc, windows-amd64)
# No core dump will be written. Minidumps are not enabled by default on client versions of Windows
#

---------------  S U M M A R Y ------------

Command Line: -Dfile.encoding=Cp1252 -XX:+ShowCodeDetailsInExceptionMessages ubc.cosc322.COSC322Test hello hello

Host: AMD Ryzen 5 3400G with Radeon Vega Graphics    , 8 cores, 31G,  Windows 10 , 64 bit Build 19041 (10.0.19041.804)
Time: Sat Mar 27 18:29:41 2021 Mountain Daylight Time elapsed time: 115.229526 seconds (0d 0h 1m 55s)

---------------  T H R E A D  ---------------

Current thread (0x0000027ecf0572a0):  VMThread "VM Thread" [stack: 0x000000b1f7f00000,0x000000b1f8000000] [id=16128]

Stack: [0x000000b1f7f00000,0x000000b1f8000000]
[error occurred during error reporting (printing stack bounds), id 0xc0000005, EXCEPTION_ACCESS_VIOLATION (0xc0000005) at pc=0x0000027eaa1d10ad]

Native frames: (J=compiled Java code, j=interpreted, Vv=VM code, C=native code)
V  [jvm.dll+0x62ae9a]
V  [jvm.dll+0x781389]
V  [jvm.dll+0x782ae3]
V  [jvm.dll+0x7830a5]
V  [jvm.dll+0x78305b]
V  [jvm.dll+0x62a2b9]
V  [jvm.dll+0x62aa88]
C  [ntdll.dll+0xa1f6f]
C  [ntdll.dll+0x51454]
C  [ntdll.dll+0xa0a9e]
C  0x0000027eaa1d10ad

VM_Operation (0x000000b1fa6fd1f0): G1CollectForAllocation, mode: safepoint, requested by thread 0x0000027ed1ac0cd0


---------------  P R O C E S S  ---------------

Threads class SMR info:
_java_thread_list=0x0000027ed0b0e540, length=27, elements={
0x0000027ecffae020, 0x0000027ecffaead0, 0x0000027ecffcb0a0, 0x0000027ecffcda70,
0x0000027ecffd2880, 0x0000027ecffdcb50, 0x0000027ecffdde90, 0x0000027ecffe78f0,
0x0000027ed03c14d0, 0x0000027ed02b99d0, 0x0000027ed0ba3400, 0x0000027ed1249df0,
0x0000027ed124a2c0, 0x0000027ed1972550, 0x0000027ea4fd2de0, 0x0000027ed1ac11a0,
0x0000027ed1ac1b40, 0x0000027ed1abeff0, 0x0000027ed1ac0800, 0x0000027ed1ac2010,
0x0000027ed1abf990, 0x0000027ed1abeb20, 0x0000027ed1abf4c0, 0x0000027ed1ac1670,
0x0000027ed1abfe60, 0x0000027ed1ac0330, 0x0000027ed1ac0cd0
}

Java Threads: ( => current thread )
  0x0000027ecffae020 JavaThread "Reference Handler" daemon [_thread_blocked, id=8468, stack(0x000000b1f8000000,0x000000b1f8100000)]
  0x0000027ecffaead0 JavaThread "Finalizer" daemon [_thread_blocked, id=1416, stack(0x000000b1f8100000,0x000000b1f8200000)]
  0x0000027ecffcb0a0 JavaThread "Signal Dispatcher" daemon [_thread_blocked, id=13828, stack(0x000000b1f8200000,0x000000b1f8300000)]
  0x0000027ecffcda70 JavaThread "Attach Listener" daemon [_thread_blocked, id=21144, stack(0x000000b1f8300000,0x000000b1f8400000)]
  0x0000027ecffd2880 JavaThread "Service Thread" daemon [_thread_blocked, id=2736, stack(0x000000b1f8400000,0x000000b1f8500000)]
  0x0000027ecffdcb50 JavaThread "C2 CompilerThread0" daemon [_thread_blocked, id=13840, stack(0x000000b1f8500000,0x000000b1f8600000)]
  0x0000027ecffdde90 JavaThread "C1 CompilerThread0" daemon [_thread_blocked, id=17528, stack(0x000000b1f8600000,0x000000b1f8700000)]
  0x0000027ecffe78f0 JavaThread "Sweeper thread" daemon [_thread_blocked, id=10288, stack(0x000000b1f8700000,0x000000b1f8800000)]
  0x0000027ed03c14d0 JavaThread "Notification Thread" daemon [_thread_blocked, id=15268, stack(0x000000b1f8800000,0x000000b1f8900000)]
  0x0000027ed02b99d0 JavaThread "Common-Cleaner" daemon [_thread_blocked, id=22828, stack(0x000000b1f8a00000,0x000000b1f8b00000)]
  0x0000027ed0ba3400 JavaThread "Java2D Disposer" daemon [_thread_blocked, id=23396, stack(0x000000b1f8c00000,0x000000b1f8d00000)]
  0x0000027ed1249df0 JavaThread "AWT-Shutdown" [_thread_blocked, id=10796, stack(0x000000b1f8d00000,0x000000b1f8e00000)]
  0x0000027ed124a2c0 JavaThread "AWT-Windows" daemon [_thread_in_native, id=23900, stack(0x000000b1f8e00000,0x000000b1f8f00000)]
  0x0000027ed1972550 JavaThread "AWT-EventQueue-0" [_thread_blocked, id=14372, stack(0x000000b1f9200000,0x000000b1f9300000)]
  0x0000027ea4fd2de0 JavaThread "DestroyJavaVM" [_thread_blocked, id=20304, stack(0x000000b1f7900000,0x000000b1f7a00000)]
  0x0000027ed1ac11a0 JavaThread "D3D Screen Updater" daemon [_thread_blocked, id=13364, stack(0x000000b1f9d00000,0x000000b1f9e00000)]
  0x0000027ed1ac1b40 JavaThread "pool-2-thread-1" [_thread_blocked, id=14496, stack(0x000000b1f9f00000,0x000000b1fa000000)]
  0x0000027ed1abeff0 JavaThread "New I/O client worker #1-1" [_thread_blocked, id=2828, stack(0x000000b1f9c00000,0x000000b1f9d00000)]
  0x0000027ed1ac0800 JavaThread "TimerQueue" daemon [_thread_blocked, id=1956, stack(0x000000b1f7600000,0x000000b1f7700000)]
  0x0000027ed1ac2010 JavaThread "Timer-0" [_thread_blocked, id=3016, stack(0x000000b1f7800000,0x000000b1f7900000)]
  0x0000027ed1abf990 JavaThread "ForkJoinPool.commonPool-worker-3" daemon [_thread_blocked, id=20016, stack(0x000000b1fa000000,0x000000b1fa100000)]
  0x0000027ed1abeb20 JavaThread "ForkJoinPool.commonPool-worker-5" daemon [_thread_blocked, id=17008, stack(0x000000b1fa100000,0x000000b1fa200000)]
  0x0000027ed1abf4c0 JavaThread "ForkJoinPool.commonPool-worker-7" daemon [_thread_blocked, id=18908, stack(0x000000b1fa200000,0x000000b1fa300000)]
  0x0000027ed1ac1670 JavaThread "ForkJoinPool.commonPool-worker-9" daemon [_thread_blocked, id=20904, stack(0x000000b1fa300000,0x000000b1fa400000)]
  0x0000027ed1abfe60 JavaThread "ForkJoinPool.commonPool-worker-13" daemon [_thread_blocked, id=19216, stack(0x000000b1fa400000,0x000000b1fa500000)]
  0x0000027ed1ac0330 JavaThread "ForkJoinPool.commonPool-worker-15" daemon [_thread_blocked, id=19512, stack(0x000000b1fa500000,0x000000b1fa600000)]
  0x0000027ed1ac0cd0 JavaThread "ForkJoinPool.commonPool-worker-11" daemon [_thread_blocked, id=21032, stack(0x000000b1fa600000,0x000000b1fa700000)]

Other Threads:
=>0x0000027ecf0572a0 VMThread "VM Thread" [stack: 0x000000b1f7f00000,0x000000b1f8000000] [id=16128]
  0x0000027ed03c79c0 WatcherThread [stack: 0x000000b1f8900000,0x000000b1f8a00000] [id=10012]
  0x0000027ea5048b40 GCTaskThread "GC Thread#0" [stack: 0x000000b1f7a00000,0x000000b1f7b00000] [id=23788]
  0x0000027ed0484320 GCTaskThread "GC Thread#1" [stack: 0x000000b1f9300000,0x000000b1f9400000] [id=11224]
  0x0000027ed0483cc0 GCTaskThread "GC Thread#2" [stack: 0x000000b1f9400000,0x000000b1f9500000] [id=23656]
  0x0000027ed0482340 GCTaskThread "GC Thread#3" [stack: 0x000000b1f9500000,0x000000b1f9600000] [id=13052]
  0x0000027ed0482670 GCTaskThread "GC Thread#4" [stack: 0x000000b1f9600000,0x000000b1f9700000] [id=22596]
  0x0000027ed0483000 GCTaskThread "GC Thread#5" [stack: 0x000000b1f9700000,0x000000b1f9800000] [id=17784]
  0x0000027ed0483330 GCTaskThread "GC Thread#6" [stack: 0x000000b1f9800000,0x000000b1f9900000] [id=7048]
  0x0000027ed0483660 GCTaskThread "GC Thread#7" [stack: 0x000000b1f9900000,0x000000b1f9a00000] [id=16440]
  0x0000027ea505ac20 ConcurrentGCThread "G1 Main Marker" [stack: 0x000000b1f7b00000,0x000000b1f7c00000] [id=23508]
  0x0000027ea505bfb0 ConcurrentGCThread "G1 Conc#0" [stack: 0x000000b1f7c00000,0x000000b1f7d00000] [id=13136]
  0x0000027ed1309b30 ConcurrentGCThread "G1 Conc#1" [stack: 0x000000b1f7700000,0x000000b1f7800000] [id=11856]
  0x0000027ea507d0a0 ConcurrentGCThread "G1 Refine#0" [stack: 0x000000b1f7d00000,0x000000b1f7e00000] [id=9012]
  0x0000027ed19d7fa0 ConcurrentGCThread "G1 Refine#1" [stack: 0x000000b1f9a00000,0x000000b1f9b00000] [id=6668]
  0x0000027ed19dd100 ConcurrentGCThread "G1 Refine#2" [stack: 0x000000b1f9b00000,0x000000b1f9c00000] [id=9924]
  0x0000027ea507dca0 ConcurrentGCThread "G1 Young RemSet Sampling" [stack: 0x000000b1f7e00000,0x000000b1f7f00000] [id=17984]

Threads with active compile tasks:
C2 CompilerThread0   115248 1934 %     4       ubc.cosc322.MoveGenerator::getMoves @ 3541 (3832 bytes)

VM state: at safepoint (normal execution)

VM Mutex/Monitor currently owned by a thread:  ([mutex/lock_event])
[0x0000027ea4fce080] Threads_lock - owner thread: 0x0000027ecf0572a0
[0x0000027ea4fce230] Heap_lock - owner thread: 0x0000027ed1ac0cd0

Heap address: 0x0000000601000000, size: 8176 MB, Compressed Oops mode: Zero based, Oop shift amount: 3
CDS disabled.
Compressed class space mapped at: 0x0000000800000000-0x0000000840000000, size: 1073741824
Narrow klass base: 0x0000000800000000, Narrow klass shift: 0, Narrow klass range: 0x40000000

GC Precious Log:
 CPUs: 8 total, 8 available
 Memory: 32692M
 Large Page Support: Disabled
 NUMA Support: Disabled
 Compressed Oops: Enabled (Zero based)
 Heap Region Size: 4M
 Heap Min Capacity: 8M
 Heap Initial Capacity: 512M
 Heap Max Capacity: 8176M
 Pre-touch: Disabled
 Parallel Workers: 8
 Concurrent Workers: 2
 Concurrent Refinement Workers: 8
 Periodic GC: Disabled

Heap:
 garbage-first heap   total 1675264K, used 98497K [0x0000000601000000, 0x0000000800000000)
  region size 4096K, 4 young (16384K), 4 survivors (16384K)
 Metaspace       used 21273K, capacity 21423K, committed 21760K, reserved 1069056K
  class space    used 2173K, capacity 2220K, committed 2304K, reserved 1048576K

Heap Regions: E=young(eden), S=young(survivor), O=old, HS=humongous(starts), HC=humongous(continues), CS=collection set, F=free, OA=open archive, CA=closed archive, TAMS=top-at-mark-start (previous, next)
|   0|0x0000000601000000, 0x0000000601400000, 0x0000000601400000|100%| O|  |TAMS 0x0000000601400000, 0x0000000601000000| Untracked 
|   1|0x0000000601400000, 0x0000000601800000, 0x0000000601800000|100%| O|  |TAMS 0x0000000601800000, 0x0000000601400000| Untracked 
|   2|0x0000000601800000, 0x0000000601c00000, 0x0000000601c00000|100%| O|  |TAMS 0x0000000601c00000, 0x0000000601800000| Untracked 
|   3|0x0000000601c00000, 0x0000000602000000, 0x0000000602000000|100%| O|  |TAMS 0x0000000602000000, 0x0000000601c00000| Untracked 
|   4|0x0000000602000000, 0x000000060209ea00, 0x0000000602400000| 15%| O|  |TAMS 0x000000060209ea00, 0x0000000602000000| Untracked 
|   5|0x0000000602400000, 0x0000000602800000, 0x0000000602800000|100%| O|  |TAMS 0x0000000602800000, 0x0000000602400000| Untracked 
|   6|0x0000000602800000, 0x0000000602c00000, 0x0000000602c00000|100%| O|  |TAMS 0x0000000602c00000, 0x0000000602800000| Untracked 
|   7|0x0000000602c00000, 0x0000000603000000, 0x0000000603000000|100%| O|  |TAMS 0x0000000603000000, 0x0000000602c00000| Untracked 
|   8|0x0000000603000000, 0x0000000603400000, 0x0000000603400000|100%| O|  |TAMS 0x0000000603400000, 0x0000000603000000| Untracked 
|   9|0x0000000603400000, 0x0000000603800000, 0x0000000603800000|100%| O|  |TAMS 0x0000000603800000, 0x0000000603400000| Untracked 
|  10|0x0000000603800000, 0x0000000603c00000, 0x0000000603c00000|100%| O|  |TAMS 0x0000000603c00000, 0x0000000603800000| Untracked 
|  11|0x0000000603c00000, 0x0000000604000000, 0x0000000604000000|100%| O|  |TAMS 0x0000000603fe1a00, 0x0000000603c00000| Untracked 
|  12|0x0000000604000000, 0x0000000604400000, 0x0000000604400000|100%| O|  |TAMS 0x0000000604000000, 0x0000000604000000| Untracked 
|  13|0x0000000604400000, 0x0000000604800000, 0x0000000604800000|100%| O|  |TAMS 0x0000000604400000, 0x0000000604400000| Untracked 
|  14|0x0000000604800000, 0x0000000604c00000, 0x0000000604c00000|100%| O|  |TAMS 0x0000000604800000, 0x0000000604800000| Untracked 
|  15|0x0000000604c00000, 0x0000000605000000, 0x0000000605000000|100%| O|  |TAMS 0x0000000604c00000, 0x0000000604c00000| Untracked 
|  16|0x0000000605000000, 0x0000000605400000, 0x0000000605400000|100%| O|  |TAMS 0x0000000605000000, 0x0000000605000000| Untracked 
|  17|0x0000000605400000, 0x0000000605800000, 0x0000000605800000|100%| O|  |TAMS 0x0000000605400000, 0x0000000605400000| Untracked 
|  18|0x0000000605800000, 0x0000000605c00000, 0x0000000605c00000|100%| O|  |TAMS 0x0000000605800000, 0x0000000605800000| Untracked 
|  19|0x0000000605c00000, 0x0000000606000000, 0x0000000606000000|100%| O|  |TAMS 0x0000000605c00000, 0x0000000605c00000| Untracked 
|  20|0x0000000606000000, 0x00000006063b6a00, 0x0000000606400000| 92%| O|  |TAMS 0x0000000606000000, 0x0000000606000000| Untracked 
|  21|0x0000000606400000, 0x0000000606400000, 0x0000000606800000|  0%| F|  |TAMS 0x0000000606400000, 0x0000000606400000| Untracked 
|  22|0x0000000606800000, 0x0000000606800000, 0x0000000606c00000|  0%| F|  |TAMS 0x0000000606800000, 0x0000000606800000| Untracked 
|  23|0x0000000606c00000, 0x0000000606c00000, 0x0000000607000000|  0%| F|  |TAMS 0x0000000606c00000, 0x0000000606c00000| Untracked 
|  24|0x0000000607000000, 0x0000000607000000, 0x0000000607400000|  0%| F|  |TAMS 0x0000000607000000, 0x0000000607000000| Untracked 
|  25|0x0000000607400000, 0x0000000607400000, 0x0000000607800000|  0%| F|  |TAMS 0x0000000607400000, 0x0000000607400000| Untracked 
|  26|0x0000000607800000, 0x0000000607800000, 0x0000000607c00000|  0%| F|  |TAMS 0x0000000607800000, 0x0000000607800000| Untracked 
|  27|0x0000000607c00000, 0x0000000607c00000, 0x0000000608000000|  0%| F|  |TAMS 0x0000000607c00000, 0x0000000607c00000| Untracked 
|  28|0x0000000608000000, 0x0000000608000000, 0x0000000608400000|  0%| F|  |TAMS 0x0000000608000000, 0x0000000608000000| Untracked 
|  29|0x0000000608400000, 0x0000000608400000, 0x0000000608800000|  0%| F|  |TAMS 0x0000000608400000, 0x0000000608400000| Untracked 
|  30|0x0000000608800000, 0x0000000608800000, 0x0000000608c00000|  0%| F|  |TAMS 0x0000000608800000, 0x0000000608800000| Untracked 
|  31|0x0000000608c00000, 0x0000000608c00000, 0x0000000609000000|  0%| F|  |TAMS 0x0000000608c00000, 0x0000000608c00000| Untracked 
|  32|0x0000000609000000, 0x0000000609000000, 0x0000000609400000|  0%| F|  |TAMS 0x0000000609000000, 0x0000000609000000| Untracked 
|  33|0x0000000609400000, 0x0000000609400000, 0x0000000609800000|  0%| F|  |TAMS 0x0000000609400000, 0x0000000609400000| Untracked 
|  34|0x0000000609800000, 0x0000000609800000, 0x0000000609c00000|  0%| F|  |TAMS 0x0000000609800000, 0x0000000609800000| Untracked 
|  35|0x0000000609c00000, 0x0000000609c00000, 0x000000060a000000|  0%| F|  |TAMS 0x0000000609c00000, 0x0000000609c00000| Untracked 
|  36|0x000000060a000000, 0x000000060a000000, 0x000000060a400000|  0%| F|  |TAMS 0x000000060a000000, 0x000000060a000000| Untracked 
|  37|0x000000060a400000, 0x000000060a400000, 0x000000060a800000|  0%| F|  |TAMS 0x000000060a400000, 0x000000060a400000| Untracked 
|  38|0x000000060a800000, 0x000000060a800000, 0x000000060ac00000|  0%| F|  |TAMS 0x000000060a800000, 0x000000060a800000| Untracked 
|  39|0x000000060ac00000, 0x000000060ac00000, 0x000000060b000000|  0%| F|  |TAMS 0x000000060ac00000, 0x000000060ac00000| Untracked 
|  40|0x000000060b000000, 0x000000060b000000, 0x000000060b400000|  0%| F|  |TAMS 0x000000060b000000, 0x000000060b000000| Untracked 
|  41|0x000000060b400000, 0x000000060b400000, 0x000000060b800000|  0%| F|  |TAMS 0x000000060b400000, 0x000000060b400000| Untracked 
|  42|0x000000060b800000, 0x000000060b800000, 0x000000060bc00000|  0%| F|  |TAMS 0x000000060b800000, 0x000000060b800000| Untracked 
|  43|0x000000060bc00000, 0x000000060bc00000, 0x000000060c000000|  0%| F|  |TAMS 0x000000060bc00000, 0x000000060bc00000| Untracked 
|  44|0x000000060c000000, 0x000000060c000000, 0x000000060c400000|  0%| F|  |TAMS 0x000000060c000000, 0x000000060c000000| Untracked 
|  45|0x000000060c400000, 0x000000060c400000, 0x000000060c800000|  0%| F|  |TAMS 0x000000060c400000, 0x000000060c400000| Untracked 
|  46|0x000000060c800000, 0x000000060c800000, 0x000000060cc00000|  0%| F|  |TAMS 0x000000060c800000, 0x000000060c800000| Untracked 
|  47|0x000000060cc00000, 0x000000060cc00000, 0x000000060d000000|  0%| F|  |TAMS 0x000000060cc00000, 0x000000060cc00000| Untracked 
|  48|0x000000060d000000, 0x000000060d000000, 0x000000060d400000|  0%| F|  |TAMS 0x000000060d000000, 0x000000060d000000| Untracked 
|  49|0x000000060d400000, 0x000000060d400000, 0x000000060d800000|  0%| F|  |TAMS 0x000000060d400000, 0x000000060d400000| Untracked 
|  50|0x000000060d800000, 0x000000060d800000, 0x000000060dc00000|  0%| F|  |TAMS 0x000000060d800000, 0x000000060d800000| Untracked 
|  51|0x000000060dc00000, 0x000000060dc00000, 0x000000060e000000|  0%| F|  |TAMS 0x000000060dc00000, 0x000000060dc00000| Untracked 
|  52|0x000000060e000000, 0x000000060e000000, 0x000000060e400000|  0%| F|  |TAMS 0x000000060e000000, 0x000000060e000000| Untracked 
|  53|0x000000060e400000, 0x000000060e400000, 0x000000060e800000|  0%| F|  |TAMS 0x000000060e400000, 0x000000060e400000| Untracked 
|  54|0x000000060e800000, 0x000000060e800000, 0x000000060ec00000|  0%| F|  |TAMS 0x000000060e800000, 0x000000060e800000| Untracked 
|  55|0x000000060ec00000, 0x000000060ec00000, 0x000000060f000000|  0%| F|  |TAMS 0x000000060ec00000, 0x000000060ec00000| Untracked 
|  56|0x000000060f000000, 0x000000060f000000, 0x000000060f400000|  0%| F|  |TAMS 0x000000060f000000, 0x000000060f000000| Untracked 
|  57|0x000000060f400000, 0x000000060f400000, 0x000000060f800000|  0%| F|  |TAMS 0x000000060f400000, 0x000000060f400000| Untracked 
|  58|0x000000060f800000, 0x000000060f800000, 0x000000060fc00000|  0%| F|  |TAMS 0x000000060f800000, 0x000000060f800000| Untracked 
|  59|0x000000060fc00000, 0x000000060ffdb350, 0x0000000610000000| 96%| S|CS|TAMS 0x000000060fc00000, 0x000000060fc00000| Complete 
|  60|0x0000000610000000, 0x0000000610400000, 0x0000000610400000|100%| S|CS|TAMS 0x0000000610000000, 0x0000000610000000| Complete 
|  61|0x0000000610400000, 0x0000000610800000, 0x0000000610800000|100%| S|CS|TAMS 0x0000000610400000, 0x0000000610400000| Complete 
|  62|0x0000000610800000, 0x0000000610800000, 0x0000000610c00000|  0%| F|  |TAMS 0x0000000610800000, 0x0000000610800000| Untracked 
|  63|0x0000000610c00000, 0x0000000610c00000, 0x0000000611000000|  0%| F|  |TAMS 0x0000000610c00000, 0x0000000610c00000| Untracked 
|  64|0x0000000611000000, 0x0000000611000000, 0x0000000611400000|  0%| F|  |TAMS 0x0000000611000000, 0x0000000611000000| Untracked 
|  65|0x0000000611400000, 0x0000000611400000, 0x0000000611800000|  0%| F|  |TAMS 0x0000000611400000, 0x0000000611400000| Untracked 
|  66|0x0000000611800000, 0x0000000611c00000, 0x0000000611c00000|100%| S|CS|TAMS 0x0000000611800000, 0x0000000611800000| Complete 
|  67|0x0000000611c00000, 0x0000000611c00000, 0x0000000612000000|  0%| F|  |TAMS 0x0000000611c00000, 0x0000000611c00000| Untracked 
|  68|0x0000000612000000, 0x0000000612000000, 0x0000000612400000|  0%| F|  |TAMS 0x0000000612000000, 0x0000000612000000| Untracked 
|  69|0x0000000612400000, 0x0000000612400000, 0x0000000612800000|  0%| F|  |TAMS 0x0000000612400000, 0x0000000612400000| Untracked 
|  70|0x0000000612800000, 0x0000000612800000, 0x0000000612c00000|  0%| F|  |TAMS 0x0000000612800000, 0x0000000612800000| Untracked 
|  71|0x0000000612c00000, 0x0000000612c00000, 0x0000000613000000|  0%| F|  |TAMS 0x0000000612c00000, 0x0000000612c00000| Untracked 
|  72|0x0000000613000000, 0x0000000613000000, 0x0000000613400000|  0%| F|  |TAMS 0x0000000613000000, 0x0000000613000000| Untracked 
|  73|0x0000000613400000, 0x0000000613400000, 0x0000000613800000|  0%| F|  |TAMS 0x0000000613400000, 0x0000000613400000| Untracked 
|  74|0x0000000613800000, 0x0000000613800000, 0x0000000613c00000|  0%| F|  |TAMS 0x0000000613800000, 0x0000000613800000| Untracked 
|  75|0x0000000613c00000, 0x0000000613c00000, 0x0000000614000000|  0%| F|  |TAMS 0x0000000613c00000, 0x0000000613c00000| Untracked 
|  76|0x0000000614000000, 0x0000000614000000, 0x0000000614400000|  0%| F|  |TAMS 0x0000000614000000, 0x0000000614000000| Untracked 
|  77|0x0000000614400000, 0x0000000614400000, 0x0000000614800000|  0%| F|  |TAMS 0x0000000614400000, 0x0000000614400000| Untracked 
|  78|0x0000000614800000, 0x0000000614800000, 0x0000000614c00000|  0%| F|  |TAMS 0x0000000614800000, 0x0000000614800000| Untracked 
|  79|0x0000000614c00000, 0x0000000614c00000, 0x0000000615000000|  0%| F|  |TAMS 0x0000000614c00000, 0x0000000614c00000| Untracked 
|  80|0x0000000615000000, 0x0000000615000000, 0x0000000615400000|  0%| F|  |TAMS 0x0000000615000000, 0x0000000615000000| Untracked 
|  81|0x0000000615400000, 0x0000000615400000, 0x0000000615800000|  0%| F|  |TAMS 0x0000000615400000, 0x0000000615400000| Untracked 
|  82|0x0000000615800000, 0x0000000615800000, 0x0000000615c00000|  0%| F|  |TAMS 0x0000000615800000, 0x0000000615800000| Untracked 
|  83|0x0000000615c00000, 0x0000000615c00000, 0x0000000616000000|  0%| F|  |TAMS 0x0000000615c00000, 0x0000000615c00000| Untracked 
|  84|0x0000000616000000, 0x0000000616000000, 0x0000000616400000|  0%| F|  |TAMS 0x0000000616000000, 0x0000000616000000| Untracked 
|  85|0x0000000616400000, 0x0000000616400000, 0x0000000616800000|  0%| F|  |TAMS 0x0000000616400000, 0x0000000616400000| Untracked 
|  86|0x0000000616800000, 0x0000000616800000, 0x0000000616c00000|  0%| F|  |TAMS 0x0000000616800000, 0x0000000616800000| Untracked 
|  87|0x0000000616c00000, 0x0000000616c00000, 0x0000000617000000|  0%| F|  |TAMS 0x0000000616c00000, 0x0000000616c00000| Untracked 
|  88|0x0000000617000000, 0x0000000617000000, 0x0000000617400000|  0%| F|  |TAMS 0x0000000617000000, 0x0000000617000000| Untracked 
|  89|0x0000000617400000, 0x0000000617400000, 0x0000000617800000|  0%| F|  |TAMS 0x0000000617400000, 0x0000000617400000| Untracked 
|  90|0x0000000617800000, 0x0000000617800000, 0x0000000617c00000|  0%| F|  |TAMS 0x0000000617800000, 0x0000000617800000| Untracked 
|  91|0x0000000617c00000, 0x0000000617c00000, 0x0000000618000000|  0%| F|  |TAMS 0x0000000617c00000, 0x0000000617c00000| Untracked 
|  92|0x0000000618000000, 0x0000000618000000, 0x0000000618400000|  0%| F|  |TAMS 0x0000000618000000, 0x0000000618000000| Untracked 
|  93|0x0000000618400000, 0x0000000618400000, 0x0000000618800000|  0%| F|  |TAMS 0x0000000618400000, 0x0000000618400000| Untracked 
|  94|0x0000000618800000, 0x0000000618800000, 0x0000000618c00000|  0%| F|  |TAMS 0x0000000618800000, 0x0000000618800000| Untracked 
|  95|0x0000000618c00000, 0x0000000618c00000, 0x0000000619000000|  0%| F|  |TAMS 0x0000000618c00000, 0x0000000618c00000| Untracked 
|  96|0x0000000619000000, 0x0000000619000000, 0x0000000619400000|  0%| F|  |TAMS 0x0000000619000000, 0x0000000619000000| Untracked 
|  97|0x0000000619400000, 0x0000000619400000, 0x0000000619800000|  0%| F|  |TAMS 0x0000000619400000, 0x0000000619400000| Untracked 
|  98|0x0000000619800000, 0x0000000619800000, 0x0000000619c00000|  0%| F|  |TAMS 0x0000000619800000, 0x0000000619800000| Untracked 
|  99|0x0000000619c00000, 0x0000000619c00000, 0x000000061a000000|  0%| F|  |TAMS 0x0000000619c00000, 0x0000000619c00000| Untracked 
| 100|0x000000061a000000, 0x000000061a000000, 0x000000061a400000|  0%| F|  |TAMS 0x000000061a000000, 0x000000061a000000| Untracked 
| 101|0x000000061a400000, 0x000000061a400000, 0x000000061a800000|  0%| F|  |TAMS 0x000000061a400000, 0x000000061a400000| Untracked 
| 102|0x000000061a800000, 0x000000061a800000, 0x000000061ac00000|  0%| F|  |TAMS 0x000000061a800000, 0x000000061a800000| Untracked 
| 103|0x000000061ac00000, 0x000000061ac00000, 0x000000061b000000|  0%| F|  |TAMS 0x000000061ac00000, 0x000000061ac00000| Untracked 
| 104|0x000000061b000000, 0x000000061b000000, 0x000000061b400000|  0%| F|  |TAMS 0x000000061b000000, 0x000000061b000000| Untracked 
| 105|0x000000061b400000, 0x000000061b400000, 0x000000061b800000|  0%| F|  |TAMS 0x000000061b400000, 0x000000061b400000| Untracked 
| 106|0x000000061b800000, 0x000000061b800000, 0x000000061bc00000|  0%| F|  |TAMS 0x000000061b800000, 0x000000061b800000| Untracked 
| 107|0x000000061bc00000, 0x000000061bc00000, 0x000000061c000000|  0%| F|  |TAMS 0x000000061bc00000, 0x000000061bc00000| Untracked 
| 108|0x000000061c000000, 0x000000061c000000, 0x000000061c400000|  0%| F|  |TAMS 0x000000061c000000, 0x000000061c000000| Untracked 
| 109|0x000000061c400000, 0x000000061c400000, 0x000000061c800000|  0%| F|  |TAMS 0x000000061c400000, 0x000000061c400000| Untracked 
| 110|0x000000061c800000, 0x000000061c800000, 0x000000061cc00000|  0%| F|  |TAMS 0x000000061c800000, 0x000000061c800000| Untracked 
| 111|0x000000061cc00000, 0x000000061cc00000, 0x000000061d000000|  0%| F|  |TAMS 0x000000061cc00000, 0x000000061cc00000| Untracked 
| 112|0x000000061d000000, 0x000000061d000000, 0x000000061d400000|  0%| F|  |TAMS 0x000000061d000000, 0x000000061d000000| Untracked 
| 113|0x000000061d400000, 0x000000061d400000, 0x000000061d800000|  0%| F|  |TAMS 0x000000061d400000, 0x000000061d400000| Untracked 
| 114|0x000000061d800000, 0x000000061d800000, 0x000000061dc00000|  0%| F|  |TAMS 0x000000061d800000, 0x000000061d800000| Untracked 
| 115|0x000000061dc00000, 0x000000061dc00000, 0x000000061e000000|  0%| F|  |TAMS 0x000000061dc00000, 0x000000061dc00000| Untracked 
| 116|0x000000061e000000, 0x000000061e000000, 0x000000061e400000|  0%| F|  |TAMS 0x000000061e000000, 0x000000061e000000| Untracked 
| 117|0x000000061e400000, 0x000000061e400000, 0x000000061e800000|  0%| F|  |TAMS 0x000000061e400000, 0x000000061e400000| Untracked 
| 118|0x000000061e800000, 0x000000061e800000, 0x000000061ec00000|  0%| F|  |TAMS 0x000000061e800000, 0x000000061e800000| Untracked 
| 119|0x000000061ec00000, 0x000000061ec00000, 0x000000061f000000|  0%| F|  |TAMS 0x000000061ec00000, 0x000000061ec00000| Untracked 
| 120|0x000000061f000000, 0x000000061f000000, 0x000000061f400000|  0%| F|  |TAMS 0x000000061f000000, 0x000000061f000000| Untracked 
| 121|0x000000061f400000, 0x000000061f400000, 0x000000061f800000|  0%| F|  |TAMS 0x000000061f400000, 0x000000061f400000| Untracked 
| 122|0x000000061f800000, 0x000000061f800000, 0x000000061fc00000|  0%| F|  |TAMS 0x000000061f800000, 0x000000061f800000| Untracked 
| 123|0x000000061fc00000, 0x000000061fc00000, 0x0000000620000000|  0%| F|  |TAMS 0x000000061fc00000, 0x000000061fc00000| Untracked 
| 124|0x0000000620000000, 0x0000000620000000, 0x0000000620400000|  0%| F|  |TAMS 0x0000000620000000, 0x0000000620000000| Untracked 
| 125|0x0000000620400000, 0x0000000620400000, 0x0000000620800000|  0%| F|  |TAMS 0x0000000620400000, 0x0000000620400000| Untracked 
| 126|0x0000000620800000, 0x0000000620800000, 0x0000000620c00000|  0%| F|  |TAMS 0x0000000620800000, 0x0000000620800000| Untracked 
| 127|0x0000000620c00000, 0x0000000620c00000, 0x0000000621000000|  0%| F|  |TAMS 0x0000000620c00000, 0x0000000620c00000| Untracked 
| 128|0x0000000621000000, 0x0000000621000000, 0x0000000621400000|  0%| F|  |TAMS 0x0000000621000000, 0x0000000621000000| Untracked 
| 129|0x0000000621400000, 0x0000000621400000, 0x0000000621800000|  0%| F|  |TAMS 0x0000000621400000, 0x0000000621400000| Untracked 
| 130|0x0000000621800000, 0x0000000621800000, 0x0000000621c00000|  0%| F|  |TAMS 0x0000000621800000, 0x0000000621800000| Untracked 
| 131|0x0000000621c00000, 0x0000000621c00000, 0x0000000622000000|  0%| F|  |TAMS 0x0000000621c00000, 0x0000000621c00000| Untracked 
| 132|0x0000000622000000, 0x0000000622000000, 0x0000000622400000|  0%| F|  |TAMS 0x0000000622000000, 0x0000000622000000| Untracked 
| 133|0x0000000622400000, 0x0000000622400000, 0x0000000622800000|  0%| F|  |TAMS 0x0000000622400000, 0x0000000622400000| Untracked 
| 134|0x0000000622800000, 0x0000000622800000, 0x0000000622c00000|  0%| F|  |TAMS 0x0000000622800000, 0x0000000622800000| Untracked 
| 135|0x0000000622c00000, 0x0000000622c00000, 0x0000000623000000|  0%| F|  |TAMS 0x0000000622c00000, 0x0000000622c00000| Untracked 
| 136|0x0000000623000000, 0x0000000623000000, 0x0000000623400000|  0%| F|  |TAMS 0x0000000623000000, 0x0000000623000000| Untracked 
| 137|0x0000000623400000, 0x0000000623400000, 0x0000000623800000|  0%| F|  |TAMS 0x0000000623400000, 0x0000000623400000| Untracked 
| 138|0x0000000623800000, 0x0000000623800000, 0x0000000623c00000|  0%| F|  |TAMS 0x0000000623800000, 0x0000000623800000| Untracked 
| 139|0x0000000623c00000, 0x0000000623c00000, 0x0000000624000000|  0%| F|  |TAMS 0x0000000623c00000, 0x0000000623c00000| Untracked 
| 140|0x0000000624000000, 0x0000000624000000, 0x0000000624400000|  0%| F|  |TAMS 0x0000000624000000, 0x0000000624000000| Untracked 
| 141|0x0000000624400000, 0x0000000624400000, 0x0000000624800000|  0%| F|  |TAMS 0x0000000624400000, 0x0000000624400000| Untracked 
| 142|0x0000000624800000, 0x0000000624800000, 0x0000000624c00000|  0%| F|  |TAMS 0x0000000624800000, 0x0000000624800000| Untracked 
| 143|0x0000000624c00000, 0x0000000624c00000, 0x0000000625000000|  0%| F|  |TAMS 0x0000000624c00000, 0x0000000624c00000| Untracked 
| 144|0x0000000625000000, 0x0000000625000000, 0x0000000625400000|  0%| F|  |TAMS 0x0000000625000000, 0x0000000625000000| Untracked 
| 145|0x0000000625400000, 0x0000000625400000, 0x0000000625800000|  0%| F|  |TAMS 0x0000000625400000, 0x0000000625400000| Untracked 
| 146|0x0000000625800000, 0x0000000625800000, 0x0000000625c00000|  0%| F|  |TAMS 0x0000000625800000, 0x0000000625800000| Untracked 
| 147|0x0000000625c00000, 0x0000000625c00000, 0x0000000626000000|  0%| F|  |TAMS 0x0000000625c00000, 0x0000000625c00000| Untracked 
| 148|0x0000000626000000, 0x0000000626000000, 0x0000000626400000|  0%| F|  |TAMS 0x0000000626000000, 0x0000000626000000| Untracked 
| 149|0x0000000626400000, 0x0000000626400000, 0x0000000626800000|  0%| F|  |TAMS 0x0000000626400000, 0x0000000626400000| Untracked 
| 150|0x0000000626800000, 0x0000000626800000, 0x0000000626c00000|  0%| F|  |TAMS 0x0000000626800000, 0x0000000626800000| Untracked 
| 151|0x0000000626c00000, 0x0000000626c00000, 0x0000000627000000|  0%| F|  |TAMS 0x0000000626c00000, 0x0000000626c00000| Untracked 
| 152|0x0000000627000000, 0x0000000627000000, 0x0000000627400000|  0%| F|  |TAMS 0x0000000627000000, 0x0000000627000000| Untracked 

Card table byte_map: [0x0000027ebac30000,0x0000027ebbc30000] _byte_map_base: 0x0000027eb7c28000

Marking Bits (Prev, Next): (CMBitMap*) 0x0000027ea504a340, (CMBitMap*) 0x0000027ea504a380
 Prev Bits: [0x0000027ebcc30000, 0x0000027ec4bf0000)
 Next Bits: [0x0000027ec4bf0000, 0x0000027eccbb0000)

Polling page: 0x0000027ea5080000

Metaspace:

Usage:
  Non-class:     18.75 MB capacity,    18.65 MB (>99%) used,    78.38 KB ( <1%) free+waste,    24.56 KB ( <1%) overhead. 
      Class:      2.17 MB capacity,     2.12 MB ( 98%) used,    38.26 KB (  2%) free+waste,     8.00 KB ( <1%) overhead. 
       Both:     20.92 MB capacity,    20.78 MB (>99%) used,   116.63 KB ( <1%) free+waste,    32.56 KB ( <1%) overhead. 

Virtual space:
  Non-class space:       20.00 MB reserved,      19.00 MB ( 95%) committed 
      Class space:        1.00 GB reserved,       2.25 MB ( <1%) committed 
             Both:        1.02 GB reserved,      21.25 MB (  2%) committed 

Chunk freelists:
   Non-Class:  61.00 KB
       Class:  20.00 KB
        Both:  81.00 KB

MaxMetaspaceSize: 17179869184.00 GB
CompressedClassSpaceSize: 1.00 GB

CodeHeap 'non-profiled nmethods': size=120000Kb used=633Kb max_used=633Kb free=119367Kb
 bounds [0x0000027eb1ca0000, 0x0000027eb1f10000, 0x0000027eb91d0000]
CodeHeap 'profiled nmethods': size=120000Kb used=4921Kb max_used=4921Kb free=115078Kb
 bounds [0x0000027eaa770000, 0x0000027eaac40000, 0x0000027eb1ca0000]
CodeHeap 'non-nmethods': size=5760Kb used=1334Kb max_used=1366Kb free=4425Kb
 bounds [0x0000027eaa1d0000, 0x0000027eaa440000, 0x0000027eaa770000]
 total_blobs=2584 nmethods=1951 adapters=545
 compilation: enabled
              stopped_count=0, restarted_count=0
 full_count=0

Compilation events (20 events):
Event: 114.939 Thread 0x0000027ecffdde90 1946       3       java.awt.Component::areInputMethodsEnabled (39 bytes)
Event: 114.939 Thread 0x0000027ecffdde90 nmethod 1946 0x0000027eaac39210 code [0x0000027eaac393a0, 0x0000027eaac395b8]
Event: 114.939 Thread 0x0000027ecffdde90 1947       3       java.awt.Container::eventEnabled (49 bytes)
Event: 114.939 Thread 0x0000027ecffdde90 nmethod 1947 0x0000027eaac39690 code [0x0000027eaac39840, 0x0000027eaac39c48]
Event: 114.939 Thread 0x0000027ecffdde90 1944   !   3       sun.awt.GlobalCursorManager::updateCursorImmediately (31 bytes)
Event: 114.939 Thread 0x0000027ecffdde90 nmethod 1944 0x0000027eaac39d90 code [0x0000027eaac39f40, 0x0000027eaac3a168]
Event: 114.945 Thread 0x0000027ecffdde90 1948       3       sun.awt.windows.WGlobalCursorManager::nativeUpdateCursor (8 bytes)
Event: 114.945 Thread 0x0000027ecffdde90 nmethod 1948 0x0000027eaac3a290 code [0x0000027eaac3a460, 0x0000027eaac3a818]
Event: 114.946 Thread 0x0000027ecffdde90 1949       3       sun.awt.GlobalCursorManager::updateCursorLater (23 bytes)
Event: 114.946 Thread 0x0000027ecffdde90 nmethod 1949 0x0000027eaac3a990 code [0x0000027eaac3ab60, 0x0000027eaac3ada8]
Event: 114.946 Thread 0x0000027ecffdde90 1950   !   3       sun.awt.GlobalCursorManager$NativeUpdater::postIfNotPending (48 bytes)
Event: 114.946 Thread 0x0000027ecffdde90 nmethod 1950 0x0000027eaac3af10 code [0x0000027eaac3b100, 0x0000027eaac3b7e8]
Event: 114.954 Thread 0x0000027ecffdde90 1951       3       sun.awt.windows.WComponentPeer::handleEvent (173 bytes)
Event: 114.955 Thread 0x0000027ecffdde90 nmethod 1951 0x0000027eaac3ba90 code [0x0000027eaac3bd00, 0x0000027eaac3d068]
Event: 115.002 Thread 0x0000027ecffdde90 1952       3       java.util.concurrent.locks.AbstractQueuedSynchronizer$ConditionNode::block (15 bytes)
Event: 115.002 Thread 0x0000027ecffdde90 nmethod 1952 0x0000027eaac3d310 code [0x0000027eaac3d4e0, 0x0000027eaac3d908]
Event: 115.002 Thread 0x0000027ecffdde90 1953       3       java.util.concurrent.locks.LockSupport::park (9 bytes)
Event: 115.002 Thread 0x0000027ecffdde90 nmethod 1953 0x0000027eaac3da90 code [0x0000027eaac3dc40, 0x0000027eaac3dd68]
Event: 115.056 Thread 0x0000027ecffdde90 1954       3       java.lang.Integer::toString (55 bytes)
Event: 115.057 Thread 0x0000027ecffdde90 nmethod 1954 0x0000027eaac3de10 code [0x0000027eaac3dfe0, 0x0000027eaac3e358]

GC Heap History (20 events):
Event: 114.596 GC heap after
{Heap after GC invocations=15 (full 0):
 garbage-first heap   total 131072K, used 62221K [0x0000000601000000, 0x0000000800000000)
  region size 4096K, 1 young (4096K), 1 survivors (4096K)
 Metaspace       used 21193K, capacity 21359K, committed 21504K, reserved 1069056K
  class space    used 2173K, capacity 2220K, committed 2304K, reserved 1048576K
}
Event: 114.606 GC heap before
{Heap before GC invocations=15 (full 0):
 garbage-first heap   total 131072K, used 74509K [0x0000000601000000, 0x0000000800000000)
  region size 4096K, 4 young (16384K), 1 survivors (4096K)
 Metaspace       used 21193K, capacity 21359K, committed 21504K, reserved 1069056K
  class space    used 2173K, capacity 2220K, committed 2304K, reserved 1048576K
}
Event: 114.607 GC heap after
{Heap after GC invocations=16 (full 0):
 garbage-first heap   total 131072K, used 62251K [0x0000000601000000, 0x0000000800000000)
  region size 4096K, 1 young (4096K), 1 survivors (4096K)
 Metaspace       used 21193K, capacity 21359K, committed 21504K, reserved 1069056K
  class space    used 2173K, capacity 2220K, committed 2304K, reserved 1048576K
}
Event: 114.613 GC heap before
{Heap before GC invocations=17 (full 0):
 garbage-first heap   total 131072K, used 74539K [0x0000000601000000, 0x0000000800000000)
  region size 4096K, 4 young (16384K), 1 survivors (4096K)
 Metaspace       used 21193K, capacity 21359K, committed 21504K, reserved 1069056K
  class space    used 2173K, capacity 2220K, committed 2304K, reserved 1048576K
}
Event: 114.616 GC heap after
{Heap after GC invocations=18 (full 0):
 garbage-first heap   total 208896K, used 68531K [0x0000000601000000, 0x0000000800000000)
  region size 4096K, 1 young (4096K), 1 survivors (4096K)
 Metaspace       used 21193K, capacity 21359K, committed 21504K, reserved 1069056K
  class space    used 2173K, capacity 2220K, committed 2304K, reserved 1048576K
}
Event: 114.639 GC heap before
{Heap before GC invocations=18 (full 0):
 garbage-first heap   total 208896K, used 109491K [0x0000000601000000, 0x0000000800000000)
  region size 4096K, 11 young (45056K), 1 survivors (4096K)
 Metaspace       used 21193K, capacity 21359K, committed 21504K, reserved 1069056K
  class space    used 2173K, capacity 2220K, committed 2304K, reserved 1048576K
}
Event: 114.644 GC heap after
{Heap after GC invocations=19 (full 0):
 garbage-first heap   total 208896K, used 75756K [0x0000000601000000, 0x0000000800000000)
  region size 4096K, 2 young (8192K), 2 survivors (8192K)
 Metaspace       used 21193K, capacity 21359K, committed 21504K, reserved 1069056K
  class space    used 2173K, capacity 2220K, committed 2304K, reserved 1048576K
}
Event: 114.686 GC heap before
{Heap before GC invocations=19 (full 0):
 garbage-first heap   total 208896K, used 137196K [0x0000000601000000, 0x0000000800000000)
  region size 4096K, 17 young (69632K), 2 survivors (8192K)
 Metaspace       used 21193K, capacity 21359K, committed 21504K, reserved 1069056K
  class space    used 2173K, capacity 2220K, committed 2304K, reserved 1048576K
}
Event: 114.694 GC heap after
{Heap after GC invocations=20 (full 0):
 garbage-first heap   total 208896K, used 80506K [0x0000000601000000, 0x0000000800000000)
  region size 4096K, 3 young (12288K), 3 survivors (12288K)
 Metaspace       used 21193K, capacity 21359K, committed 21504K, reserved 1069056K
  class space    used 2173K, capacity 2220K, committed 2304K, reserved 1048576K
}
Event: 114.709 GC heap before
{Heap before GC invocations=20 (full 0):
 garbage-first heap   total 208896K, used 133754K [0x0000000601000000, 0x0000000800000000)
  region size 4096K, 16 young (65536K), 3 survivors (12288K)
 Metaspace       used 21193K, capacity 21359K, committed 21504K, reserved 1069056K
  class space    used 2173K, capacity 2220K, committed 2304K, reserved 1048576K
}
Event: 114.715 GC heap after
{Heap after GC invocations=21 (full 0):
 garbage-first heap   total 208896K, used 84655K [0x0000000601000000, 0x0000000800000000)
  region size 4096K, 2 young (8192K), 2 survivors (8192K)
 Metaspace       used 21193K, capacity 21359K, committed 21504K, reserved 1069056K
  class space    used 2173K, capacity 2220K, committed 2304K, reserved 1048576K
}
Event: 114.738 GC heap before
{Heap before GC invocations=21 (full 0):
 garbage-first heap   total 208896K, used 137903K [0x0000000601000000, 0x0000000800000000)
  region size 4096K, 15 young (61440K), 2 survivors (8192K)
 Metaspace       used 21193K, capacity 21359K, committed 21504K, reserved 1069056K
  class space    used 2173K, capacity 2220K, committed 2304K, reserved 1048576K
}
Event: 114.744 GC heap after
{Heap after GC invocations=22 (full 0):
 garbage-first heap   total 626688K, used 89904K [0x0000000601000000, 0x0000000800000000)
  region size 4096K, 2 young (8192K), 2 survivors (8192K)
 Metaspace       used 21193K, capacity 21359K, committed 21504K, reserved 1069056K
  class space    used 2173K, capacity 2220K, committed 2304K, reserved 1048576K
}
Event: 114.883 GC heap before
{Heap before GC invocations=22 (full 0):
 garbage-first heap   total 626688K, used 372528K [0x0000000601000000, 0x0000000800000000)
  region size 4096K, 71 young (290816K), 2 survivors (8192K)
 Metaspace       used 21214K, capacity 21359K, committed 21504K, reserved 1069056K
  class space    used 2173K, capacity 2220K, committed 2304K, reserved 1048576K
}
Event: 114.891 GC heap after
{Heap after GC invocations=23 (full 0):
 garbage-first heap   total 626688K, used 99751K [0x0000000601000000, 0x0000000800000000)
  region size 4096K, 5 young (20480K), 5 survivors (20480K)
 Metaspace       used 21214K, capacity 21359K, committed 21504K, reserved 1069056K
  class space    used 2173K, capacity 2220K, committed 2304K, reserved 1048576K
}
Event: 115.004 GC heap before
{Heap before GC invocations=23 (full 0):
 garbage-first heap   total 626688K, used 452007K [0x0000000601000000, 0x0000000800000000)
  region size 4096K, 91 young (372736K), 5 survivors (20480K)
 Metaspace       used 21273K, capacity 21423K, committed 21760K, reserved 1069056K
  class space    used 2173K, capacity 2220K, committed 2304K, reserved 1048576K
}
Event: 115.012 GC heap after
{Heap after GC invocations=24 (full 0):
 garbage-first heap   total 626688K, used 98645K [0x0000000601000000, 0x0000000800000000)
  region size 4096K, 4 young (16384K), 4 survivors (16384K)
 Metaspace       used 21273K, capacity 21423K, committed 21760K, reserved 1069056K
  class space    used 2173K, capacity 2220K, committed 2304K, reserved 1048576K
}
Event: 115.120 GC heap before
{Heap before GC invocations=24 (full 0):
 garbage-first heap   total 626688K, used 454997K [0x0000000601000000, 0x0000000800000000)
  region size 4096K, 91 young (372736K), 4 survivors (16384K)
 Metaspace       used 21273K, capacity 21423K, committed 21760K, reserved 1069056K
  class space    used 2173K, capacity 2220K, committed 2304K, reserved 1048576K
}
Event: 115.127 GC heap after
{Heap after GC invocations=25 (full 0):
 garbage-first heap   total 626688K, used 99394K [0x0000000601000000, 0x0000000800000000)
  region size 4096K, 5 young (20480K), 5 survivors (20480K)
 Metaspace       used 21273K, capacity 21423K, committed 21760K, reserved 1069056K
  class space    used 2173K, capacity 2220K, committed 2304K, reserved 1048576K
}
Event: 115.221 GC heap before
{Heap before GC invocations=25 (full 0):
 garbage-first heap   total 626688K, used 451650K [0x0000000601000000, 0x0000000800000000)
  region size 4096K, 91 young (372736K), 5 survivors (20480K)
 Metaspace       used 21273K, capacity 21423K, committed 21760K, reserved 1069056K
  class space    used 2173K, capacity 2220K, committed 2304K, reserved 1048576K
}

Deoptimization events (20 events):
Event: 115.036 Thread 0x0000027ed1ac0330 DEOPT PACKING pc=0x0000027eaabc65e4 sp=0x000000b1fa5fe070
Event: 115.036 Thread 0x0000027ed1ac0330 DEOPT UNPACKING pc=0x0000027eaa21e23f sp=0x000000b1fa5fdbd8 mode 0
Event: 115.060 Thread 0x0000027ed1abeff0 DEOPT PACKING pc=0x0000027eaabc6e54 sp=0x000000b1f9cfcef0
Event: 115.060 Thread 0x0000027ed1abeff0 DEOPT UNPACKING pc=0x0000027eaa21e23f sp=0x000000b1f9cfca58 mode 0
Event: 115.065 Thread 0x0000027ed1abf4c0 DEOPT PACKING pc=0x0000027eaabc65e4 sp=0x000000b1fa2fe080
Event: 115.065 Thread 0x0000027ed1abf4c0 DEOPT UNPACKING pc=0x0000027eaa21e23f sp=0x000000b1fa2fdbe8 mode 0
Event: 115.071 Thread 0x0000027ed1ac0cd0 DEOPT PACKING pc=0x0000027eaabc6e54 sp=0x000000b1fa6fdff0
Event: 115.071 Thread 0x0000027ed1ac0cd0 DEOPT UNPACKING pc=0x0000027eaa21e23f sp=0x000000b1fa6fdb58 mode 0
Event: 115.087 Thread 0x0000027ed1abfe60 DEOPT PACKING pc=0x0000027eaabc6ca4 sp=0x000000b1fa4fe100
Event: 115.087 Thread 0x0000027ed1abfe60 DEOPT UNPACKING pc=0x0000027eaa21e23f sp=0x000000b1fa4fdc68 mode 0
Event: 115.111 Thread 0x0000027ed1abf4c0 DEOPT PACKING pc=0x0000027eaabc6ca4 sp=0x000000b1fa2fe080
Event: 115.111 Thread 0x0000027ed1abf4c0 DEOPT UNPACKING pc=0x0000027eaa21e23f sp=0x000000b1fa2fdbe8 mode 0
Event: 115.137 Thread 0x0000027ed1abeff0 DEOPT PACKING pc=0x0000027eaabc65e4 sp=0x000000b1f9cfcef0
Event: 115.138 Thread 0x0000027ed1abeff0 DEOPT UNPACKING pc=0x0000027eaa21e23f sp=0x000000b1f9cfca58 mode 0
Event: 115.152 Thread 0x0000027ed1ac1670 DEOPT PACKING pc=0x0000027eaabc6ca4 sp=0x000000b1fa3fddc0
Event: 115.152 Thread 0x0000027ed1ac1670 DEOPT UNPACKING pc=0x0000027eaa21e23f sp=0x000000b1fa3fd928 mode 0
Event: 115.159 Thread 0x0000027ed1abeff0 DEOPT PACKING pc=0x0000027eaabc6ca4 sp=0x000000b1f9cfcef0
Event: 115.159 Thread 0x0000027ed1abeff0 DEOPT UNPACKING pc=0x0000027eaa21e23f sp=0x000000b1f9cfca58 mode 0
Event: 115.177 Thread 0x0000027ed1abf4c0 DEOPT PACKING pc=0x0000027eaabc6ca4 sp=0x000000b1fa2fe080
Event: 115.177 Thread 0x0000027ed1abf4c0 DEOPT UNPACKING pc=0x0000027eaa21e23f sp=0x000000b1fa2fdbe8 mode 0

Classes unloaded (0 events):
No events

Classes redefined (0 events):
No events

Internal exceptions (20 events):
Event: 1.071 Thread 0x0000027ea4fd2de0 Exception <a 'java/lang/ClassNotFoundException'{0x000000061fb26260}: Button> (0x000000061fb26260) 
thrown [./open/src/hotspot/share/classfile/systemDictionary.cpp, line 295]
Event: 1.071 Thread 0x0000027ea4fd2de0 Exception <a 'java/lang/ClassNotFoundException'{0x000000061fb26728}: ToolBar> (0x000000061fb26728) 
thrown [./open/src/hotspot/share/classfile/systemDictionary.cpp, line 295]
Event: 1.071 Thread 0x0000027ea4fd2de0 Exception <a 'java/lang/ClassNotFoundException'{0x000000061fb26a98}: ToggleButton> (0x000000061fb26a98) 
thrown [./open/src/hotspot/share/classfile/systemDictionary.cpp, line 295]
Event: 1.071 Thread 0x0000027ea4fd2de0 Exception <a 'java/lang/ClassNotFoundException'{0x000000061fb26ed8}: javax/swing/JToolBarSeparator> (0x000000061fb26ed8) 
thrown [./open/src/hotspot/share/classfile/systemDictionary.cpp, line 295]
Event: 1.071 Thread 0x0000027ea4fd2de0 Exception <a 'java/lang/ClassNotFoundException'{0x000000061fb271e0}: ToolBarSeparator> (0x000000061fb271e0) 
thrown [./open/src/hotspot/share/classfile/systemDictionary.cpp, line 295]
Event: 1.072 Thread 0x0000027ea4fd2de0 Exception <a 'java/lang/ClassNotFoundException'{0x000000061fb276f8}: ToolTip> (0x000000061fb276f8) 
thrown [./open/src/hotspot/share/classfile/systemDictionary.cpp, line 295]
Event: 1.073 Thread 0x0000027ea4fd2de0 Exception <a 'java/lang/ClassNotFoundException'{0x000000061fb28048}: Tree> (0x000000061fb28048) 
thrown [./open/src/hotspot/share/classfile/systemDictionary.cpp, line 295]
Event: 1.073 Thread 0x0000027ea4fd2de0 Exception <a 'java/lang/ClassNotFoundException'{0x000000061fb28540}: Tree> (0x000000061fb28540) 
thrown [./open/src/hotspot/share/classfile/systemDictionary.cpp, line 295]
Event: 1.073 Thread 0x0000027ea4fd2de0 Exception <a 'java/lang/ClassNotFoundException'{0x000000061fb288b0}: javax/swing/JTreeCell> (0x000000061fb288b0) 
thrown [./open/src/hotspot/share/classfile/systemDictionary.cpp, line 295]
Event: 1.073 Thread 0x0000027ea4fd2de0 Exception <a 'java/lang/ClassNotFoundException'{0x000000061fb28bb0}: TreeCell> (0x000000061fb28bb0) 
thrown [./open/src/hotspot/share/classfile/systemDictionary.cpp, line 295]
Event: 1.073 Thread 0x0000027ea4fd2de0 Exception <a 'java/lang/ClassNotFoundException'{0x000000061fb291b0}: RootPane> (0x000000061fb291b0) 
thrown [./open/src/hotspot/share/classfile/systemDictionary.cpp, line 295]
Event: 1.099 Thread 0x0000027ed1972550 Exception <a 'java/lang/ClassNotFoundException'{0x000000061fa71e40}: com/sun/swing/internal/plaf/synth/resources/spi/synthProvider> (0x000000061fa71e40) 
thrown [./open/src/hotspot/share/classfile/systemDictionary.cpp, line 295]
Event: 1.145 Thread 0x0000027ed1972550 Exception <a 'java/lang/NoSuchMethodError'{0x000000061fad6d00}: 'void java.lang.invoke.DirectMethodHandle$Holder.invokeStaticInit(java.lang.Object)'> (0x000000061fad6d00) 
thrown [./open/src/hotspot/share/interpreter/linkResolver.cpp, line 782]
Event: 1.400 Thread 0x0000027ed1ab61e0 Exception <a 'java/lang/NoSuchMethodError'{0x000000062098e7d8}: 'void java.lang.invoke.DirectMethodHandle$Holder.invokeStatic(java.lang.Object, java.lang.Object)'> (0x000000062098e7d8) 
thrown [./open/src/hotspot/share/interpreter/linkResolver.cpp, line 782]
Event: 1.400 Thread 0x0000027ed1ab61e0 Exception <a 'java/lang/NoSuchMethodError'{0x00000006209921e0}: 'void java.lang.invoke.DirectMethodHandle$Holder.invokeStaticInit(java.lang.Object, java.lang.Object)'> (0x00000006209921e0) 
thrown [./open/src/hotspot/share/interpreter/linkResolver.cpp, line 782]
Event: 1.408 Thread 0x0000027ed1ab61e0 Exception <a 'java/lang/NoSuchMethodError'{0x00000006209bf600}: 'java.lang.Object java.lang.invoke.DirectMethodHandle$Holder.invokeStaticInit(java.lang.Object, int, int, int, int)'> (0x00000006209bf600) 
thrown [./open/src/hotspot/share/interpreter/linkResolver.cpp, line 782]
Event: 1.470 Thread 0x0000027ed1ab61e0 Exception <a 'java/lang/NoSuchMethodError'{0x0000000620a5c730}: 'java.lang.Object java.lang.invoke.DirectMethodHandle$Holder.invokeStaticInit(java.lang.Object, java.lang.Object, int, int, int, int)'> (0x0000000620a5c730) 
thrown [./open/src/hotspot/share/interpreter/linkResolver.cpp, line 782]
Event: 1.622 Thread 0x0000027ed1abeff0 Exception <a 'java/lang/NoSuchMethodError'{0x0000000620bf6198}: 'void java.lang.invoke.DirectMethodHandle$Holder.invokeStatic(java.lang.Object, java.lang.Object, java.lang.Object)'> (0x0000000620bf6198) 
thrown [./open/src/hotspot/share/interpreter/linkResolver.cpp, line 782]
Event: 1.649 Thread 0x0000027ed1972550 Implicit null exception at 0x0000027eb1cf2f30 to 0x0000027eb1cf2f8f
Event: 114.484 Thread 0x0000027ed1abeff0 Exception <a 'java/lang/NoSuchMethodError'{0x0000000606314440}: 'java.lang.Object java.lang.invoke.DirectMethodHandle$Holder.newInvokeSpecial(java.lang.Object, java.lang.Object, int, int)'> (0x0000000606314440) 
thrown [./open/src/hotspot/share/interpreter/linkResolver.cpp, line 782]

Events (20 events):
Event: 114.709 Executing VM operation: G1CollectForAllocation
Event: 114.717 Executing VM operation: G1CollectForAllocation done
Event: 114.737 Executing VM operation: G1CollectForAllocation
Event: 114.744 Executing VM operation: G1CollectForAllocation done
Event: 114.752 Executing VM operation: HandshakeAllThreads
Event: 114.811 Executing VM operation: HandshakeAllThreads done
Event: 114.883 Executing VM operation: G1CollectForAllocation
Event: 114.893 Executing VM operation: G1CollectForAllocation done
Event: 114.893 Executing VM operation: HandshakeAllThreads
Event: 114.920 Executing VM operation: HandshakeAllThreads done
Event: 115.004 Executing VM operation: G1CollectForAllocation
Event: 115.013 Executing VM operation: G1CollectForAllocation done
Event: 115.013 Executing VM operation: HandshakeAllThreads
Event: 115.013 Executing VM operation: HandshakeAllThreads done
Event: 115.056 Thread 0x0000027ed11cbc90 Thread exited: 0x0000027ed11cbc90
Event: 115.113 Executing VM operation: G1CollectForAllocation
Event: 115.127 Executing VM operation: G1CollectForAllocation done
Event: 115.127 Executing VM operation: HandshakeAllThreads
Event: 115.186 Executing VM operation: HandshakeAllThreads done
Event: 115.216 Executing VM operation: G1CollectForAllocation


Dynamic libraries:
0x00007ff6cace0000 - 0x00007ff6caced000 	C:\Users\RenYL\.p2\pool\plugins\org.eclipse.justj.openjdk.hotspot.jre.full.win32.x86_64_15.0.1.v20201027-0507\jre\bin\javaw.exe
0x00007ffb22090000 - 0x00007ffb22285000 	C:\WINDOWS\SYSTEM32\ntdll.dll
0x00007ffb200f0000 - 0x00007ffb201ad000 	C:\WINDOWS\System32\KERNEL32.DLL
0x00007ffb1fbe0000 - 0x00007ffb1fea8000 	C:\WINDOWS\System32\KERNELBASE.dll
0x00007ffb1f7d0000 - 0x00007ffb1f8d0000 	C:\WINDOWS\System32\ucrtbase.dll
0x00007ffafced0000 - 0x00007ffafcee8000 	C:\Users\RenYL\.p2\pool\plugins\org.eclipse.justj.openjdk.hotspot.jre.full.win32.x86_64_15.0.1.v20201027-0507\jre\bin\jli.dll
0x00007ffaeb540000 - 0x00007ffaeb559000 	C:\Users\RenYL\.p2\pool\plugins\org.eclipse.justj.openjdk.hotspot.jre.full.win32.x86_64_15.0.1.v20201027-0507\jre\bin\VCRUNTIME140.dll
0x00007ffb21c80000 - 0x00007ffb21e20000 	C:\WINDOWS\System32\USER32.dll
0x00007ffafef50000 - 0x00007ffaff1ea000 	C:\WINDOWS\WinSxS\amd64_microsoft.windows.common-controls_6595b64144ccf1df_6.0.19041.844_none_ca00b6081b84eb1d\COMCTL32.dll
0x00007ffb1feb0000 - 0x00007ffb1fed2000 	C:\WINDOWS\System32\win32u.dll
0x00007ffb20f60000 - 0x00007ffb20f8a000 	C:\WINDOWS\System32\GDI32.dll
0x00007ffb20d90000 - 0x00007ffb20e2e000 	C:\WINDOWS\System32\msvcrt.dll
0x00007ffb1ffe0000 - 0x00007ffb200eb000 	C:\WINDOWS\System32\gdi32full.dll
0x00007ffb1fb40000 - 0x00007ffb1fbdd000 	C:\WINDOWS\System32\msvcp_win.dll
0x00007ffb20ed0000 - 0x00007ffb20f00000 	C:\WINDOWS\System32\IMM32.DLL
0x00007ffaf2180000 - 0x00007ffaf218c000 	C:\Users\RenYL\.p2\pool\plugins\org.eclipse.justj.openjdk.hotspot.jre.full.win32.x86_64_15.0.1.v20201027-0507\jre\bin\vcruntime140_1.dll
0x00007ffaeb4a0000 - 0x00007ffaeb531000 	C:\Users\RenYL\.p2\pool\plugins\org.eclipse.justj.openjdk.hotspot.jre.full.win32.x86_64_15.0.1.v20201027-0507\jre\bin\msvcp140.dll
0x00007ffa95e40000 - 0x00007ffa9699e000 	C:\Users\RenYL\.p2\pool\plugins\org.eclipse.justj.openjdk.hotspot.jre.full.win32.x86_64_15.0.1.v20201027-0507\jre\bin\server\jvm.dll
0x00007ffb218c0000 - 0x00007ffb2196c000 	C:\WINDOWS\System32\ADVAPI32.dll
0x00007ffb21970000 - 0x00007ffb21a0b000 	C:\WINDOWS\System32\sechost.dll
0x00007ffb21a10000 - 0x00007ffb21b3b000 	C:\WINDOWS\System32\RPCRT4.dll
0x00007ffb21b40000 - 0x00007ffb21b48000 	C:\WINDOWS\System32\PSAPI.DLL
0x00007ffb19aa0000 - 0x00007ffb19aaa000 	C:\WINDOWS\SYSTEM32\VERSION.dll
0x00007ffb14ec0000 - 0x00007ffb14ee7000 	C:\WINDOWS\SYSTEM32\WINMM.dll
0x00007ffb12960000 - 0x00007ffb12969000 	C:\WINDOWS\SYSTEM32\WSOCK32.dll
0x00007ffb21c10000 - 0x00007ffb21c7b000 	C:\WINDOWS\System32\WS2_32.dll
0x00007ffb1e0b0000 - 0x00007ffb1e0c2000 	C:\WINDOWS\SYSTEM32\kernel.appcore.dll
0x00007ffafd910000 - 0x00007ffafd91a000 	C:\Users\RenYL\.p2\pool\plugins\org.eclipse.justj.openjdk.hotspot.jre.full.win32.x86_64_15.0.1.v20201027-0507\jre\bin\jimage.dll
0x00007ffb1d560000 - 0x00007ffb1d744000 	C:\WINDOWS\SYSTEM32\DBGHELP.DLL
0x00007ffb06780000 - 0x00007ffb067ac000 	C:\WINDOWS\SYSTEM32\dbgcore.DLL
0x00007ffb1ff60000 - 0x00007ffb1ffe0000 	C:\WINDOWS\System32\bcryptPrimitives.dll
0x00007ffaee2d0000 - 0x00007ffaee2f5000 	C:\Users\RenYL\.p2\pool\plugins\org.eclipse.justj.openjdk.hotspot.jre.full.win32.x86_64_15.0.1.v20201027-0507\jre\bin\java.dll
0x00007ffaf15c0000 - 0x00007ffaf15d8000 	C:\Users\RenYL\.p2\pool\plugins\org.eclipse.justj.openjdk.hotspot.jre.full.win32.x86_64_15.0.1.v20201027-0507\jre\bin\zip.dll
0x00007ffb20360000 - 0x00007ffb20aa2000 	C:\WINDOWS\System32\SHELL32.dll
0x00007ffb1d750000 - 0x00007ffb1dee1000 	C:\WINDOWS\SYSTEM32\windows.storage.dll
0x00007ffb214b0000 - 0x00007ffb21805000 	C:\WINDOWS\System32\combase.dll
0x00007ffb1f240000 - 0x00007ffb1f26c000 	C:\WINDOWS\SYSTEM32\Wldp.dll
0x00007ffb21400000 - 0x00007ffb214ae000 	C:\WINDOWS\System32\SHCORE.dll
0x00007ffb20f00000 - 0x00007ffb20f55000 	C:\WINDOWS\System32\shlwapi.dll
0x00007ffb1f710000 - 0x00007ffb1f72f000 	C:\WINDOWS\SYSTEM32\profapi.dll
0x00007ffaefb60000 - 0x00007ffaefb79000 	C:\Users\RenYL\.p2\pool\plugins\org.eclipse.justj.openjdk.hotspot.jre.full.win32.x86_64_15.0.1.v20201027-0507\jre\bin\net.dll
0x00007ffb17a40000 - 0x00007ffb17b4b000 	C:\WINDOWS\SYSTEM32\WINHTTP.dll
0x00007ffb1ef60000 - 0x00007ffb1efca000 	C:\WINDOWS\system32\mswsock.dll
0x00007ffaee2b0000 - 0x00007ffaee2c2000 	C:\Users\RenYL\.p2\pool\plugins\org.eclipse.justj.openjdk.hotspot.jre.full.win32.x86_64_15.0.1.v20201027-0507\jre\bin\nio.dll
0x00007ffaeb320000 - 0x00007ffaeb49f000 	C:\Users\RenYL\.p2\pool\plugins\org.eclipse.justj.openjdk.hotspot.jre.full.win32.x86_64_15.0.1.v20201027-0507\jre\bin\awt.dll
0x00007ffb20be0000 - 0x00007ffb20cad000 	C:\WINDOWS\System32\OLEAUT32.dll
0x00007ffb1cc10000 - 0x00007ffb1cca0000 	C:\WINDOWS\SYSTEM32\apphelp.dll
0x00007ffb1cfb0000 - 0x00007ffb1cfdf000 	C:\WINDOWS\system32\DWMAPI.DLL
0x00007ffb1cd90000 - 0x00007ffb1ce2e000 	C:\WINDOWS\system32\uxtheme.dll
0x00007ffaeb1f0000 - 0x00007ffaeb316000 	C:\WINDOWS\system32\opengl32.dll
0x00007ffaeb1c0000 - 0x00007ffaeb1ec000 	C:\WINDOWS\SYSTEM32\GLU32.dll
0x00007ffb21e20000 - 0x00007ffb21f35000 	C:\WINDOWS\System32\MSCTF.dll
0x00007ffb20ab0000 - 0x00007ffb20bda000 	C:\WINDOWS\System32\ole32.dll
0x00007ffb10130000 - 0x00007ffb102fe000 	C:\WINDOWS\system32\d3d9.dll
0x00007ffb15910000 - 0x00007ffb15a15000 	C:\WINDOWS\System32\DriverStore\FileRepository\nv_dispsi.inf_amd64_bfebbae289c4da4e\nvldumdx.dll
0x00007ffb1f3c0000 - 0x00007ffb1f3d2000 	C:\WINDOWS\SYSTEM32\msasn1.dll
0x00007ffb18c00000 - 0x00007ffb18c31000 	C:\WINDOWS\SYSTEM32\cryptnet.dll
0x00007ffb1f930000 - 0x00007ffb1fa8f000 	C:\WINDOWS\System32\CRYPT32.dll
0x00007ffb1f150000 - 0x00007ffb1f15c000 	C:\WINDOWS\SYSTEM32\cryptbase.dll
0x00007ffb1f8d0000 - 0x00007ffb1f930000 	C:\WINDOWS\System32\WINTRUST.DLL
0x00007ffb21810000 - 0x00007ffb2182d000 	C:\WINDOWS\System32\imagehlp.dll
0x00007ffb1f130000 - 0x00007ffb1f148000 	C:\WINDOWS\SYSTEM32\CRYPTSP.dll
0x00007ffb1e8a0000 - 0x00007ffb1e8d4000 	C:\WINDOWS\system32\rsaenh.dll
0x00007ffb1fee0000 - 0x00007ffb1ff07000 	C:\WINDOWS\System32\bcrypt.dll
0x00007ffaba340000 - 0x00007ffabbf88000 	C:\WINDOWS\System32\DriverStore\FileRepository\nv_dispsi.inf_amd64_bfebbae289c4da4e\nvd3dumx.dll
0x00007ffae2f20000 - 0x00007ffae31d9000 	C:\WINDOWS\system32\nvspcap64.dll
0x00007ffb1e4d0000 - 0x00007ffb1e503000 	C:\WINDOWS\SYSTEM32\ntmarta.dll
0x00007ffb1e080000 - 0x00007ffb1e0a3000 	C:\WINDOWS\SYSTEM32\gpapi.dll
0x00007ffb15ee0000 - 0x00007ffb15f1b000 	C:\WINDOWS\SYSTEM32\dxcore.dll
0x00007ffb1ff10000 - 0x00007ffb1ff5e000 	C:\WINDOWS\System32\cfgmgr32.dll
0x00007ffaeb130000 - 0x00007ffaeb1b5000 	C:\Users\RenYL\.p2\pool\plugins\org.eclipse.justj.openjdk.hotspot.jre.full.win32.x86_64_15.0.1.v20201027-0507\jre\bin\freetype.dll
0x00007ffaeb080000 - 0x00007ffaeb129000 	C:\Users\RenYL\.p2\pool\plugins\org.eclipse.justj.openjdk.hotspot.jre.full.win32.x86_64_15.0.1.v20201027-0507\jre\bin\fontmanager.dll
0x00007ffb0e3b0000 - 0x00007ffb0e4a9000 	C:\WINDOWS\SYSTEM32\textinputframework.dll
0x00007ffb1c5a0000 - 0x00007ffb1c8fe000 	C:\WINDOWS\System32\CoreUIComponents.dll
0x00007ffb1c900000 - 0x00007ffb1c9f2000 	C:\WINDOWS\System32\CoreMessaging.dll
0x00007ffb1b240000 - 0x00007ffb1b394000 	C:\WINDOWS\SYSTEM32\wintypes.dll
0x00007ffaff400000 - 0x00007ffaff466000 	C:\WINDOWS\system32\Oleacc.dll
0x00007ffafb700000 - 0x00007ffafb710000 	C:\Users\RenYL\.p2\pool\plugins\org.eclipse.justj.openjdk.hotspot.jre.full.win32.x86_64_15.0.1.v20201027-0507\jre\bin\verify.dll
0x00007ffb1ec20000 - 0x00007ffb1ec5b000 	C:\WINDOWS\SYSTEM32\IPHLPAPI.DLL
0x00007ffb218b0000 - 0x00007ffb218b8000 	C:\WINDOWS\System32\NSI.dll
0x00007ffb19c90000 - 0x00007ffb19ca7000 	C:\WINDOWS\SYSTEM32\dhcpcsvc6.DLL
0x00007ffb19c70000 - 0x00007ffb19c8d000 	C:\WINDOWS\SYSTEM32\dhcpcsvc.DLL
0x00007ffb1ec70000 - 0x00007ffb1ed3c000 	C:\WINDOWS\SYSTEM32\DNSAPI.dll
0x00007ffb1f6d0000 - 0x00007ffb1f6fe000 	C:\WINDOWS\SYSTEM32\USERENV.dll

dbghelp: loaded successfully - version: 4.0.5 - missing functions: none
symbol engine: initialized successfully - sym options: 0x614 - pdb path: .;C:\Users\RenYL\.p2\pool\plugins\org.eclipse.justj.openjdk.hotspot.jre.full.win32.x86_64_15.0.1.v20201027-0507\jre\bin;C:\WINDOWS\SYSTEM32;C:\WINDOWS\WinSxS\amd64_microsoft.windows.common-controls_6595b64144ccf1df_6.0.19041.844_none_ca00b6081b84eb1d;C:\Users\RenYL\.p2\pool\plugins\org.eclipse.justj.openjdk.hotspot.jre.full.win32.x86_64_15.0.1.v20201027-0507\jre\bin\server;C:\WINDOWS\System32\DriverStore\FileRepository\nv_dispsi.inf_amd64_bfebbae289c4da4e

VM Arguments:
jvm_args: -Dfile.encoding=Cp1252 -XX:+ShowCodeDetailsInExceptionMessages 
java_command: ubc.cosc322.COSC322Test hello hello
java_class_path (initial): C:\Users\RenYL\Documents\GitHub\322-AI-project\team-00\target\classes;C:\Users\RenYL\.m2\repository\ubc-yong-gao\ygraph-ai-smartfox-client\2.1\ygraph-ai-smartfox-client-2.1.jar;C:\Users\RenYL\.m2\repository\ubc-yong-gao\ygraph\1.0\ygraph-1.0.jar;C:\Users\RenYL\.m2\repository\org\gephi\graph-api\0.9.1\graph-api-0.9.1.jar;C:\Users\RenYL\.m2\repository\org\gephi\project-api\0.9.1\project-api-0.9.1.jar;C:\Users\RenYL\.m2\repository\org\netbeans\api\org-openide-filesystems\RELEASE81\org-openide-filesystems-RELEASE81.jar;C:\Users\RenYL\.m2\repository\org\netbeans\api\org-openide-util\RELEASE81\org-openide-util-RELEASE81.jar;C:\Users\RenYL\.m2\repository\org\gephi\utils-longtask\0.9.1\utils-longtask-0.9.1.jar;C:\Users\RenYL\.m2\repository\org\gephi\graphstore\0.5.3\graphstore-0.5.3.jar;C:\Users\RenYL\.m2\repository\colt\colt\1.2.0\colt-1.2.0.jar;C:\Users\RenYL\.m2\repository\concurrent\concurrent\1.3.4\concurrent-1.3.4.jar;C:\Users\RenYL\.m2\repository\org\netbeans\api\org-openide-util-lookup\RELEASE81\org-openide-util-lookup-RELEASE81.jar;C:\Users\RenYL\.m2\repository\smartfox\client-libs\SFS2X_API_Java\1.6\SFS2X_API_Java-1.6.jar;C:\Users\RenYL\.m2\repository\smartfox\client-libs\sfs2x-client-core\1.6\sfs2x-client-core-1.6.jar;C:\Users\RenYL\.m2\repository\smartfox\client-libs\netty\3.2.2\netty-3.2.2.jar;C:\Users\RenYL\.m2\repository\smartfox\client-libs\slf4j-api\1.6.1\slf4j-api-1.6.1.jar;C:\Users\RenYL\.m2\repository\smartfox\client-libs\slf4j-simple\1.6.1\slf4j-simple-1.6.1.jar;C:\Users\RenYL\.m2\repository\smartfox\client-libs\jdom\1.0\jdom-1.0.jar;C:\Users\RenYL\.m2\repository\smartfox\client-libs\commons-lang\2.4\commons-lang-2.4.jar;C:\Users\RenYL\.m2\repository\org\tensorflow\tensorflow-core-platform\0.2.0\tensorflow-core-platform-0.2.0.jar;C:\Users\RenYL\.m2\repository\org\bytedeco\javacpp\1.5.4\javacpp-1.5.4.jar;C:\Users\RenYL\.m2\repository\org\bytedeco\javacpp\1.5.4\javacpp-1.5.4-linux-x86_64.jar;C:\Users\RenYL\.m2\repository\org\b
Launcher Type: SUN_STANDARD

[Global flags]
     intx CICompilerCount                          = 4                                         {product} {ergonomic}
     uint ConcGCThreads                            = 2                                         {product} {ergonomic}
     uint G1ConcRefinementThreads                  = 8                                         {product} {ergonomic}
   size_t G1HeapRegionSize                         = 4194304                                   {product} {ergonomic}
    uintx GCDrainStackTargetSize                   = 64                                        {product} {ergonomic}
   size_t InitialHeapSize                          = 536870912                                 {product} {ergonomic}
   size_t MarkStackSize                            = 4194304                                   {product} {ergonomic}
   size_t MaxHeapSize                              = 8573157376                                {product} {ergonomic}
   size_t MaxNewSize                               = 5142216704                                {product} {ergonomic}
   size_t MinHeapDeltaBytes                        = 4194304                                   {product} {ergonomic}
   size_t MinHeapSize                              = 8388608                                   {product} {ergonomic}
    uintx NonNMethodCodeHeapSize                   = 5839372                                {pd product} {ergonomic}
    uintx NonProfiledCodeHeapSize                  = 122909434                              {pd product} {ergonomic}
    uintx ProfiledCodeHeapSize                     = 122909434                              {pd product} {ergonomic}
    uintx ReservedCodeCacheSize                    = 251658240                              {pd product} {ergonomic}
     bool SegmentedCodeCache                       = true                                      {product} {ergonomic}
     bool ShowCodeDetailsInExceptionMessages       = true                                   {manageable} {command line}
   size_t SoftMaxHeapSize                          = 8573157376                             {manageable} {ergonomic}
     bool UseCompressedClassPointers               = true                                 {lp64_product} {ergonomic}
     bool UseCompressedOops                        = true                                 {lp64_product} {ergonomic}
     bool UseG1GC                                  = true                                      {product} {ergonomic}
     bool UseLargePagesIndividualAllocation        = false                                  {pd product} {ergonomic}

Logging:
Log output configuration:
 #0: stdout all=warning uptime,level,tags
 #1: stderr all=off uptime,level,tags

Environment Variables:
PATH=C:/Users/RenYL/.p2/pool/plugins/org.eclipse.justj.openjdk.hotspot.jre.full.win32.x86_64_15.0.1.v20201027-0507/jre/bin/server;C:/Users/RenYL/.p2/pool/plugins/org.eclipse.justj.openjdk.hotspot.jre.full.win32.x86_64_15.0.1.v20201027-0507/jre/bin;C:\Program Files\NVIDIA GPU Computing Toolkit\CUDA\v10.1\bin;C:\Program Files\NVIDIA GPU Computing Toolkit\CUDA\v10.1\libnvvp;C:\Program Files\NVIDIA GPU Computing Toolkit\CUDA\v11.0\bin;C:\Program Files\NVIDIA GPU Computing Toolkit\CUDA\v11.0\libnvvp;;C:\Windows\system32;C:\Windows;C:\Windows\System32\Wbem;C:\Windows\System32\WindowsPowerShell\v1.0\;C:\Windows\System32\OpenSSH\;C:\Program Files\Git\cmd;C:\Program Files\PuTTY\;C:\MinGW\bin;C:\Program Files\NVIDIA Corporation\NVIDIA NvDLISR;C:\Program Files (x86)\NVIDIA Corporation\PhysX\Common;C:\Program Files\NVIDIA Corporation\Nsight Compute 2019.4.0\;C:\Program Files\nodejs\;%SystemRoot%\system32;%SystemRoot%;%SystemRoot%\System32\Wbem;%SYSTEMROOT%\System32\WindowsPowerShell\v1.0\;%SYSTEMROOT%\System32\OpenSSH\;C:\Ruby30-x64\bin;C:\Users\RenYL\.cargo\bin;C:\Users\RenYL\AppData\Local\Microsoft\WindowsApps;C:\Users\RenYL\AppData\Local\GitHubDesktop\bin;C:\Users\RenYL\AppData\Local\Programs\Microsoft VS Code\bin;C:\Users\RenYL\AppData\Local\atom\bin;C:\Program Files\Multipass\bin;C:\Users\RenYL\AppData\Roaming\npm;;%USERPROFILE%\AppData\Local\Microsoft\WindowsApps;C:\Users\RenYL\Desktop;
USERNAME=RenYL
OS=Windows_NT
PROCESSOR_IDENTIFIER=AMD64 Family 23 Model 24 Stepping 1, AuthenticAMD



---------------  S Y S T E M  ---------------

OS:
 Windows 10 , 64 bit Build 19041 (10.0.19041.804)
OS uptime: 2 days 5:03 hours
HyperV virtualization detected

CPU: total 8 (initial active 8) (8 cores per cpu, 2 threads per core) family 23 model 24 stepping 1 microcode 0x0, cmov, cx8, fxsr, mmx, sse, sse2, sse3, ssse3, sse4.1, sse4.2, popcnt, vzeroupper, avx, avx2, aes, clmul, 3dnowpref, lzcnt, sse4a, ht, tsc, tscinvbit, tscinv, bmi1, bmi2, adx, sha, fma, clflush, clflushopt

Memory: 4k page, system-wide physical 32692M (8893M free)
TotalPageFile size 32692M (AvailPageFile size 138M)
current process WorkingSet (physical memory assigned to process): 674M, peak: 679M
current process commit charge ("private bytes"): 812M, peak: 1839M

vm_info: OpenJDK 64-Bit Server VM (15.0.1+9-18) for windows-amd64 JRE (15.0.1+9-18), built on Sep 15 2020 14:39:31 by "mach5one" with unknown MS VC++:1925

END.
